<?xml version="1.0" encoding="UTF-8"?><testsuite errors="0" failures="2" name="Editar  Monto del valor del Beneficio seleccionado" skipped="0" tests="2" time="587.75" timestamp="2023-03-03 02:59:55"><testcase name="Editar valor de Beneficio NOMBRE"><failure message="&#13;&#10;Expected: an element that is clickable&#13;&#10;     but: no matching element found by id: selected-value was not clicked" type="java.lang.AssertionError">&#13;
Expected: an element that is clickable&#13;
     but: no matching element found by id: selected-value was not clicked</failure><system-err>&#13;
Expected: an element that is clickable&#13;
     but: no matching element found by id: selected-value was not clicked&#13;
co.com.tcs.certificacion.interactions.Clickable.performAs(Clickable.java:20)&#13;
co.com.tcs.certificacion.tasks.benefits.edit_benefit.EditBenefitsValueByName.performAs(EditBenefitsValueByName.java:25)&#13;
co.com.tcs.certificacion.stepdefinitions.benefits.EditValueBenefitsSteps.consultaBeneficiosPorNombre(EditValueBenefitsSteps.java:37)&#13;
io.cucumber.java.Invoker.doInvoke(Invoker.java:66)&#13;
io.cucumber.java.Invoker.invoke(Invoker.java:24)&#13;
io.cucumber.java.AbstractGlueDefinition.invokeMethod(AbstractGlueDefinition.java:47)&#13;
io.cucumber.java.JavaStepDefinition.execute(JavaStepDefinition.java:29)&#13;
io.cucumber.core.runner.PickleStepDefinitionMatch.runStep(PickleStepDefinitionMatch.java:59)&#13;
io.cucumber.core.runner.TestStep.executeStep(TestStep.java:64)&#13;
io.cucumber.core.runner.TestStep.run(TestStep.java:49)&#13;
io.cucumber.core.runner.PickleStepTestStep.run(PickleStepTestStep.java:46)&#13;
io.cucumber.core.runner.TestCase.run(TestCase.java:51)&#13;
io.cucumber.core.runner.Runner.runPickle(Runner.java:66)&#13;
io.cucumber.junit.FeatureRunner.runChild(FeatureRunner.java:83)&#13;
io.cucumber.junit.FeatureRunner.runChild(FeatureRunner.java:24)&#13;
io.cucumber.junit.CucumberSerenityRunner.runChild(CucumberSerenityRunner.java:227)&#13;
io.cucumber.junit.CucumberSerenityRunner.runChild(CucumberSerenityRunner.java:54)&#13;
</system-err></testcase><testcase name="Editar valor de Beneficio Auxilios con Valor negativo"><failure message="&#13;&#10;Expected: an element that is clickable&#13;&#10;     but: no matching element found by id: selected-value was not clicked" type="java.lang.AssertionError">&#13;
Expected: an element that is clickable&#13;
     but: no matching element found by id: selected-value was not clicked</failure><system-err>&#13;
Expected: an element that is clickable&#13;
     but: no matching element found by id: selected-value was not clicked&#13;
co.com.tcs.certificacion.interactions.Clickable.performAs(Clickable.java:20)&#13;
co.com.tcs.certificacion.tasks.benefits.edit_benefit.EditBenefitsValueNegativeById.performAs(EditBenefitsValueNegativeById.java:26)&#13;
co.com.tcs.certificacion.stepdefinitions.benefits.EditValueBenefitsSteps.editaBeneficiarioEnFiltroPorCedula(EditValueBenefitsSteps.java:47)&#13;
io.cucumber.java.Invoker.doInvoke(Invoker.java:66)&#13;
io.cucumber.java.Invoker.invoke(Invoker.java:24)&#13;
io.cucumber.java.AbstractGlueDefinition.invokeMethod(AbstractGlueDefinition.java:47)&#13;
io.cucumber.java.JavaStepDefinition.execute(JavaStepDefinition.java:29)&#13;
io.cucumber.core.runner.PickleStepDefinitionMatch.runStep(PickleStepDefinitionMatch.java:59)&#13;
io.cucumber.core.runner.TestStep.executeStep(TestStep.java:64)&#13;
io.cucumber.core.runner.TestStep.run(TestStep.java:49)&#13;
io.cucumber.core.runner.PickleStepTestStep.run(PickleStepTestStep.java:46)&#13;
io.cucumber.core.runner.TestCase.run(TestCase.java:51)&#13;
io.cucumber.core.runner.Runner.runPickle(Runner.java:66)&#13;
io.cucumber.junit.FeatureRunner.runChild(FeatureRunner.java:83)&#13;
io.cucumber.junit.FeatureRunner.runChild(FeatureRunner.java:24)&#13;
io.cucumber.junit.CucumberSerenityRunner.runChild(CucumberSerenityRunner.java:227)&#13;
io.cucumber.junit.CucumberSerenityRunner.runChild(CucumberSerenityRunner.java:54)&#13;
</system-err></testcase></testsuite>