<?xml version="1.0" encoding="UTF-8"?><testsuite errors="0" failures="0" name="Gestionar perfiles de los colaboradores" skipped="0" tests="6" time="1387.89" timestamp="2023-03-03 12:23:16"><testcase name="Crear usuario con perfil Admin"/><testcase name="Crear usuario con perfil Gestor"/><testcase name="Crear usuario con perfil Auxiliar"/><testcase name="Crear usuario con perfil Multi Rol (Admin/Gestor/Auxiliar/Basic)"/><testcase name="Crear usuario con perfil rol Admin con correo Failed"/><testcase name="Crear usuario con perfil sin Rol"/></testsuite>